This file contains any messages produced by compilers while
running configure, to aid debugging if configure makes a mistake.

It was created by shc configure 4.0.3, which was
generated by GNU Autoconf 2.69.  Invocation command line was

  $ ./configure 

## --------- ##
## Platform. ##
## --------- ##

hostname = kali-fcup
uname -m = x86_64
uname -r = 4.19.0-18-cloud-amd64
uname -s = Linux
uname -v = #1 SMP Debian 4.19.208-1 (2021-09-29)

/usr/bin/uname -p = unknown
/bin/uname -X     = unknown

/bin/arch              = x86_64
/usr/bin/arch -k       = unknown
/usr/convex/getsysinfo = unknown
/usr/bin/hostinfo      = unknown
/bin/machine           = unknown
/usr/bin/oslevel       = unknown
/bin/universe          = unknown

PATH: /usr/local/sbin
PATH: /usr/sbin
PATH: /sbin
PATH: /usr/local/bin
PATH: /usr/bin
PATH: /bin
PATH: /usr/local/games
PATH: /usr/games
PATH: /home/ctw00745-admin/.dotnet/tools


## ----------- ##
## Core tests. ##
## ----------- ##

configure:2250: checking for a BSD-compatible install
configure:2318: result: /usr/bin/install -c
configure:2329: checking whether build environment is sane
configure:2384: result: yes
configure:2533: checking for a thread-safe mkdir -p
configure:2572: result: /usr/bin/mkdir -p
configure:2579: checking for gawk
configure:2595: found /usr/bin/gawk
configure:2606: result: gawk
configure:2617: checking whether make sets $(MAKE)
configure:2639: result: yes
configure:2668: checking whether make supports nested variables
configure:2685: result: yes
configure:2861: checking for gcc
configure:2877: found /usr/bin/gcc
configure:2888: result: gcc
configure:3117: checking for C compiler version
configure:3126: gcc --version >&5
gcc (Debian 11.2.0-10) 11.2.0
Copyright (C) 2021 Free Software Foundation, Inc.
This is free software; see the source for copying conditions.  There is NO
warranty; not even for MERCHANTABILITY or FITNESS FOR A PARTICULAR PURPOSE.

configure:3137: $? = 0
configure:3126: gcc -v >&5
Using built-in specs.
COLLECT_GCC=gcc
COLLECT_LTO_WRAPPER=/usr/lib/gcc/x86_64-linux-gnu/11/lto-wrapper
OFFLOAD_TARGET_NAMES=nvptx-none:amdgcn-amdhsa
OFFLOAD_TARGET_DEFAULT=1
Target: x86_64-linux-gnu
Configured with: ../src/configure -v --with-pkgversion='Debian 11.2.0-10' --with-bugurl=file:///usr/share/doc/gcc-11/README.Bugs --enable-languages=c,ada,c++,go,brig,d,fortran,objc,obj-c++,m2 --prefix=/usr --with-gcc-major-version-only --program-suffix=-11 --program-prefix=x86_64-linux-gnu- --enable-shared --enable-linker-build-id --libexecdir=/usr/lib --without-included-gettext --enable-threads=posix --libdir=/usr/lib --enable-nls --enable-bootstrap --enable-clocale=gnu --enable-libstdcxx-debug --enable-libstdcxx-time=yes --with-default-libstdcxx-abi=new --enable-gnu-unique-object --disable-vtable-verify --enable-plugin --enable-default-pie --with-system-zlib --enable-libphobos-checking=release --with-target-system-zlib=auto --enable-objc-gc=auto --enable-multiarch --disable-werror --enable-cet --with-arch-32=i686 --with-abi=m64 --with-multilib-list=m32,m64,mx32 --enable-multilib --with-tune=generic --enable-offload-targets=nvptx-none=/build/gcc-11-9Chg0b/gcc-11-11.2.0/debian/tmp-nvptx/usr,amdgcn-amdhsa=/build/gcc-11-9Chg0b/gcc-11-11.2.0/debian/tmp-gcn/usr --without-cuda-driver --enable-checking=release --build=x86_64-linux-gnu --host=x86_64-linux-gnu --target=x86_64-linux-gnu --with-build-config=bootstrap-lto-lean --enable-link-serialization=2
Thread model: posix
Supported LTO compression algorithms: zlib zstd
gcc version 11.2.0 (Debian 11.2.0-10) 
... rest of stderr output deleted ...
configure:3137: $? = 0
configure:3126: gcc -V >&5
gcc: error: unrecognized command-line option '-V'
gcc: fatal error: no input files
compilation terminated.
configure:3137: $? = 1
configure:3126: gcc -qversion >&5
gcc: error: unrecognized command-line option '-qversion'; did you mean '--version'?
gcc: fatal error: no input files
compilation terminated.
configure:3137: $? = 1
configure:3157: checking whether the C compiler works
configure:3179: gcc    conftest.c  >&5
configure:3183: $? = 0
configure:3231: result: yes
configure:3234: checking for C compiler default output file name
configure:3236: result: a.out
configure:3242: checking for suffix of executables
configure:3249: gcc -o conftest    conftest.c  >&5
configure:3253: $? = 0
configure:3275: result: 
configure:3297: checking whether we are cross compiling
configure:3305: gcc -o conftest    conftest.c  >&5
configure:3309: $? = 0
configure:3316: ./conftest
configure:3320: $? = 0
configure:3308: result: no
configure:3313: checking for suffix of object files
configure:3335: gcc -c   conftest.c >&5
configure:3339: $? = 0
configure:3360: result: o
configure:3364: checking whether we are using the GNU C compiler
configure:3383: gcc -c   conftest.c >&5
configure:3383: $? = 0
configure:3392: result: yes
configure:3401: checking whether gcc accepts -g
configure:3421: gcc -c -g  conftest.c >&5
configure:3421: $? = 0
configure:3462: result: yes
configure:3479: checking for gcc option to accept ISO C89
configure:3542: gcc  -c -g -O2  conftest.c >&5
configure:3542: $? = 0
configure:3555: result: none needed
configure:3580: checking whether gcc understands -c and -o together
configure:3602: gcc -c conftest.c -o conftest2.o
configure:3605: $? = 0
configure:3602: gcc -c conftest.c -o conftest2.o
configure:3605: $? = 0
configure:3617: result: yes
configure:3637: checking whether make supports the include directive
configure:3652: make -f confmf.GNU && cat confinc.out
this is the am__doit target
configure:3655: $? = 0
configure:3674: result: yes (GNU style)
configure:3699: checking dependency style of gcc
configure:3810: result: gcc3
configure:3836: checking how to run the C preprocessor
configure:3867: gcc -E  conftest.c
configure:3867: $? = 0
configure:3881: gcc -E  conftest.c
conftest.c:11:10: fatal error: ac_nonexistent.h: No such file or directory
   11 | #include <ac_nonexistent.h>
      |          ^~~~~~~~~~~~~~~~~~
compilation terminated.
configure:3881: $? = 1
configure: failed program was:
| /* confdefs.h */
| #define PACKAGE_NAME "shc"
| #define PACKAGE_TARNAME "shc"
| #define PACKAGE_VERSION "4.0.3"
| #define PACKAGE_STRING "shc 4.0.3"
| #define PACKAGE_BUGREPORT "http://github.com/neurobin/shc/issues"
| #define PACKAGE_URL ""
| #define PACKAGE "shc"
| #define VERSION "4.0.3"
| /* end confdefs.h.  */
| #include <ac_nonexistent.h>
configure:3906: result: gcc -E
configure:3926: gcc -E  conftest.c
configure:3926: $? = 0
configure:3940: gcc -E  conftest.c
conftest.c:11:10: fatal error: ac_nonexistent.h: No such file or directory
   11 | #include <ac_nonexistent.h>
      |          ^~~~~~~~~~~~~~~~~~
compilation terminated.
configure:3940: $? = 1
configure: failed program was:
| /* confdefs.h */
| #define PACKAGE_NAME "shc"
| #define PACKAGE_TARNAME "shc"
| #define PACKAGE_VERSION "4.0.3"
| #define PACKAGE_STRING "shc 4.0.3"
| #define PACKAGE_BUGREPORT "http://github.com/neurobin/shc/issues"
| #define PACKAGE_URL ""
| #define PACKAGE "shc"
| #define VERSION "4.0.3"
| /* end confdefs.h.  */
| #include <ac_nonexistent.h>
configure:3969: checking for grep that handles long lines and -e
configure:4027: result: /usr/bin/grep
configure:4032: checking for egrep
configure:4094: result: /usr/bin/grep -E
configure:4099: checking for ANSI C header files
configure:4119: gcc -c -g -O2  conftest.c >&5
configure:4119: $? = 0
configure:4192: gcc -o conftest -g -O2   conftest.c  >&5
configure:4192: $? = 0
configure:4192: ./conftest
configure:4192: $? = 0
configure:4203: result: yes
configure:4216: checking for sys/types.h
configure:4216: gcc -c -g -O2  conftest.c >&5
configure:4216: $? = 0
configure:4216: result: yes
configure:4216: checking for sys/stat.h
configure:4216: gcc -c -g -O2  conftest.c >&5
configure:4216: $? = 0
configure:4216: result: yes
configure:4216: checking for stdlib.h
configure:4216: gcc -c -g -O2  conftest.c >&5
configure:4216: $? = 0
configure:4216: result: yes
configure:4216: checking for string.h
configure:4216: gcc -c -g -O2  conftest.c >&5
configure:4216: $? = 0
configure:4216: result: yes
configure:4216: checking for memory.h
configure:4216: gcc -c -g -O2  conftest.c >&5
configure:4216: $? = 0
configure:4216: result: yes
configure:4216: checking for strings.h
configure:4216: gcc -c -g -O2  conftest.c >&5
configure:4216: $? = 0
configure:4216: result: yes
configure:4216: checking for inttypes.h
configure:4216: gcc -c -g -O2  conftest.c >&5
configure:4216: $? = 0
configure:4216: result: yes
configure:4216: checking for stdint.h
configure:4216: gcc -c -g -O2  conftest.c >&5
configure:4216: $? = 0
configure:4216: result: yes
configure:4216: checking for unistd.h
configure:4216: gcc -c -g -O2  conftest.c >&5
configure:4216: $? = 0
configure:4216: result: yes
configure:4231: checking fcntl.h usability
configure:4231: gcc -c -g -O2  conftest.c >&5
configure:4231: $? = 0
configure:4231: result: yes
configure:4231: checking fcntl.h presence
configure:4231: gcc -E  conftest.c
configure:4231: $? = 0
configure:4231: result: yes
configure:4231: checking for fcntl.h
configure:4231: result: yes
configure:4231: checking for stdlib.h
configure:4231: result: yes
configure:4231: checking for string.h
configure:4231: result: yes
configure:4231: checking for unistd.h
configure:4231: result: yes
configure:4243: checking for struct stat.st_rdev
configure:4243: gcc -c -g -O2  conftest.c >&5
configure:4243: $? = 0
configure:4243: result: yes
configure:4257: checking for stdlib.h
configure:4257: result: yes
configure:4267: checking for GNU libc compatible malloc
configure:4291: gcc -o conftest -g -O2   conftest.c  >&5
configure:4291: $? = 0
configure:4291: ./conftest
configure:4291: $? = 0
configure:4301: result: yes
configure:4322: checking whether time.h and sys/time.h may both be included
configure:4342: gcc -c -g -O2  conftest.c >&5
configure:4342: $? = 0
configure:4349: result: yes
configure:4363: checking for sys/time.h
configure:4363: gcc -c -g -O2  conftest.c >&5
configure:4363: $? = 0
configure:4363: result: yes
configure:4363: checking for unistd.h
configure:4363: result: yes
configure:4384: checking for alarm
configure:4384: gcc -o conftest -g -O2   conftest.c  >&5
configure:4384: $? = 0
configure:4384: result: yes
configure:4397: checking for working mktime
configure:4599: gcc -o conftest -g -O2   conftest.c  >&5
configure:4599: $? = 0
configure:4599: ./conftest
configure:4599: $? = 0
configure:4609: result: yes
configure:4622: checking for stdlib.h
configure:4622: result: yes
configure:4632: checking for GNU libc compatible realloc
configure:4656: gcc -o conftest -g -O2   conftest.c  >&5
configure:4656: $? = 0
configure:4656: ./conftest
configure:4656: $? = 0
configure:4666: result: yes
configure:4690: checking for memset
configure:4690: gcc -o conftest -g -O2   conftest.c  >&5
conftest.c:57:6: warning: conflicting types for built-in function 'memset'; expected 'void *(void *, int,  long unsigned int)' [-Wbuiltin-declaration-mismatch]
   57 | char memset ();
      |      ^~~~~~
conftest.c:45:1: note: 'memset' is declared in header '<string.h>'
   44 | # include <limits.h>
   45 | #else
configure:4690: $? = 0
configure:4690: result: yes
configure:4690: checking for putenv
configure:4690: gcc -o conftest -g -O2   conftest.c  >&5
configure:4690: $? = 0
configure:4690: result: yes
configure:4690: checking for strchr
configure:4690: gcc -o conftest -g -O2   conftest.c  >&5
conftest.c:59:6: warning: conflicting types for built-in function 'strchr'; expected 'char *(const char *, int)' [-Wbuiltin-declaration-mismatch]
   59 | char strchr ();
      |      ^~~~~~
conftest.c:47:1: note: 'strchr' is declared in header '<string.h>'
   46 | # include <limits.h>
   47 | #else
configure:4690: $? = 0
configure:4690: result: yes
configure:4690: checking for strdup
configure:4690: gcc -o conftest -g -O2   conftest.c  >&5
conftest.c:60:6: warning: conflicting types for built-in function 'strdup'; expected 'char *(const char *)' [-Wbuiltin-declaration-mismatch]
   60 | char strdup ();
      |      ^~~~~~
configure:4690: $? = 0
configure:4690: result: yes
configure:4690: checking for strrchr
configure:4690: gcc -o conftest -g -O2   conftest.c  >&5
conftest.c:61:6: warning: conflicting types for built-in function 'strrchr'; expected 'char *(const char *, int)' [-Wbuiltin-declaration-mismatch]
   61 | char strrchr ();
      |      ^~~~~~~
conftest.c:49:1: note: 'strrchr' is declared in header '<string.h>'
   48 | # include <limits.h>
   49 | #else
configure:4690: $? = 0
configure:4690: result: yes
configure:4840: checking that generated files are newer than configure
configure:4846: result: done
configure:4869: creating ./config.status

## ---------------------- ##
## Running config.status. ##
## ---------------------- ##

This file was extended by shc config.status 4.0.3, which was
generated by GNU Autoconf 2.69.  Invocation command line was

  CONFIG_FILES    = 
  CONFIG_HEADERS  = 
  CONFIG_LINKS    = 
  CONFIG_COMMANDS = 
  $ ./config.status 

on kali-fcup

config.status:775: creating Makefile
config.status:775: creating src/Makefile
config.status:947: executing depfiles commands
config.status:1024: cd src       && sed -e '/# am--include-marker/d' Makefile         | make -f - am--depfiles
config.status:1029: $? = 0

## ---------------- ##
## Cache variables. ##
## ---------------- ##

ac_cv_c_compiler_gnu=yes
ac_cv_env_CC_set=
ac_cv_env_CC_value=
ac_cv_env_CFLAGS_set=
ac_cv_env_CFLAGS_value=
ac_cv_env_CPPFLAGS_set=
ac_cv_env_CPPFLAGS_value=
ac_cv_env_CPP_set=
ac_cv_env_CPP_value=
ac_cv_env_LDFLAGS_set=
ac_cv_env_LDFLAGS_value=
ac_cv_env_LIBS_set=
ac_cv_env_LIBS_value=
ac_cv_env_build_alias_set=
ac_cv_env_build_alias_value=
ac_cv_env_host_alias_set=
ac_cv_env_host_alias_value=
ac_cv_env_target_alias_set=
ac_cv_env_target_alias_value=
ac_cv_func_alarm=yes
ac_cv_func_malloc_0_nonnull=yes
ac_cv_func_memset=yes
ac_cv_func_putenv=yes
ac_cv_func_realloc_0_nonnull=yes
ac_cv_func_strchr=yes
ac_cv_func_strdup=yes
ac_cv_func_strrchr=yes
ac_cv_func_working_mktime=yes
ac_cv_header_fcntl_h=yes
ac_cv_header_inttypes_h=yes
ac_cv_header_memory_h=yes
ac_cv_header_stdc=yes
ac_cv_header_stdint_h=yes
ac_cv_header_stdlib_h=yes
ac_cv_header_string_h=yes
ac_cv_header_strings_h=yes
ac_cv_header_sys_stat_h=yes
ac_cv_header_sys_time_h=yes
ac_cv_header_sys_types_h=yes
ac_cv_header_time=yes
ac_cv_header_unistd_h=yes
ac_cv_member_struct_stat_st_rdev=yes
ac_cv_objext=o
ac_cv_path_EGREP='/usr/bin/grep -E'
ac_cv_path_GREP=/usr/bin/grep
ac_cv_path_install='/usr/bin/install -c'
ac_cv_path_mkdir=/usr/bin/mkdir
ac_cv_prog_AWK=gawk
ac_cv_prog_CPP='gcc -E'
ac_cv_prog_ac_ct_CC=gcc
ac_cv_prog_cc_c89=
ac_cv_prog_cc_g=yes
ac_cv_prog_make_make_set=yes
am_cv_CC_dependencies_compiler_type=gcc3
am_cv_make_support_nested_variables=yes
am_cv_prog_cc_c_o=yes

## ----------------- ##
## Output variables. ##
## ----------------- ##

ACLOCAL='${SHELL} /home/ctw00745-admin/rce/shc-4.0.3/config/missing aclocal-1.16'
AMDEPBACKSLASH='\'
AMDEP_FALSE='#'
AMDEP_TRUE=''
AMTAR='$${TAR-tar}'
AM_BACKSLASH='\'
AM_DEFAULT_V='$(AM_DEFAULT_VERBOSITY)'
AM_DEFAULT_VERBOSITY='1'
AM_V='$(V)'
AUTOCONF='${SHELL} /home/ctw00745-admin/rce/shc-4.0.3/config/missing autoconf'
AUTOHEADER='${SHELL} /home/ctw00745-admin/rce/shc-4.0.3/config/missing autoheader'
AUTOMAKE='${SHELL} /home/ctw00745-admin/rce/shc-4.0.3/config/missing automake-1.16'
AWK='gawk'
CC='gcc'
CCDEPMODE='depmode=gcc3'
CFLAGS='-g -O2'
CPP='gcc -E'
CPPFLAGS=''
CYGPATH_W='echo'
DEFS='-DPACKAGE_NAME=\"shc\" -DPACKAGE_TARNAME=\"shc\" -DPACKAGE_VERSION=\"4.0.3\" -DPACKAGE_STRING=\"shc\ 4.0.3\" -DPACKAGE_BUGREPORT=\"http://github.com/neurobin/shc/issues\" -DPACKAGE_URL=\"\" -DPACKAGE=\"shc\" -DVERSION=\"4.0.3\" -DSTDC_HEADERS=1 -DHAVE_SYS_TYPES_H=1 -DHAVE_SYS_STAT_H=1 -DHAVE_STDLIB_H=1 -DHAVE_STRING_H=1 -DHAVE_MEMORY_H=1 -DHAVE_STRINGS_H=1 -DHAVE_INTTYPES_H=1 -DHAVE_STDINT_H=1 -DHAVE_UNISTD_H=1 -DHAVE_FCNTL_H=1 -DHAVE_STDLIB_H=1 -DHAVE_STRING_H=1 -DHAVE_UNISTD_H=1 -DHAVE_STRUCT_STAT_ST_RDEV=1 -DHAVE_STDLIB_H=1 -DHAVE_MALLOC=1 -DTIME_WITH_SYS_TIME=1 -DHAVE_SYS_TIME_H=1 -DHAVE_UNISTD_H=1 -DHAVE_ALARM=1 -DHAVE_STDLIB_H=1 -DHAVE_REALLOC=1 -DHAVE_MEMSET=1 -DHAVE_PUTENV=1 -DHAVE_STRCHR=1 -DHAVE_STRDUP=1 -DHAVE_STRRCHR=1'
DEPDIR='.deps'
ECHO_C=''
ECHO_N='-n'
ECHO_T=''
EGREP='/usr/bin/grep -E'
EXEEXT=''
GREP='/usr/bin/grep'
INSTALL_DATA='${INSTALL} -m 644'
INSTALL_PROGRAM='${INSTALL}'
INSTALL_SCRIPT='${INSTALL}'
INSTALL_STRIP_PROGRAM='$(install_sh) -c -s'
LDFLAGS=''
LIBOBJS=''
LIBS=''
LTLIBOBJS=''
MAKEINFO='${SHELL} /home/ctw00745-admin/rce/shc-4.0.3/config/missing makeinfo'
MKDIR_P='/usr/bin/mkdir -p'
OBJEXT='o'
PACKAGE='shc'
PACKAGE_BUGREPORT='http://github.com/neurobin/shc/issues'
PACKAGE_NAME='shc'
PACKAGE_STRING='shc 4.0.3'
PACKAGE_TARNAME='shc'
PACKAGE_URL=''
PACKAGE_VERSION='4.0.3'
PATH_SEPARATOR=':'
SET_MAKE=''
SHELL='/bin/bash'
STRIP=''
VERSION='4.0.3'
ac_ct_CC='gcc'
am__EXEEXT_FALSE=''
am__EXEEXT_TRUE='#'
am__fastdepCC_FALSE='#'
am__fastdepCC_TRUE=''
am__include='include'
am__isrc=''
am__leading_dot='.'
am__nodep='_no'
am__quote=''
am__tar='$${TAR-tar} chof - "$$tardir"'
am__untar='$${TAR-tar} xf -'
bindir='${exec_prefix}/bin'
build_alias=''
datadir='${datarootdir}'
datarootdir='${prefix}/share'
docdir='${datarootdir}/doc/${PACKAGE_TARNAME}'
dvidir='${docdir}'
exec_prefix='${prefix}'
host_alias=''
htmldir='${docdir}'
includedir='${prefix}/include'
infodir='${datarootdir}/info'
install_sh='${SHELL} /home/ctw00745-admin/rce/shc-4.0.3/config/install-sh'
libdir='${exec_prefix}/lib'
libexecdir='${exec_prefix}/libexec'
localedir='${datarootdir}/locale'
localstatedir='${prefix}/var'
mandir='${datarootdir}/man'
mkdir_p='$(MKDIR_P)'
oldincludedir='/usr/include'
pdfdir='${docdir}'
prefix='/usr/local'
program_transform_name='s,x,x,'
psdir='${docdir}'
sbindir='${exec_prefix}/sbin'
sharedstatedir='${prefix}/com'
sysconfdir='${prefix}/etc'
target_alias=''

## ----------- ##
## confdefs.h. ##
## ----------- ##

/* confdefs.h */
#define PACKAGE_NAME "shc"
#define PACKAGE_TARNAME "shc"
#define PACKAGE_VERSION "4.0.3"
#define PACKAGE_STRING "shc 4.0.3"
#define PACKAGE_BUGREPORT "http://github.com/neurobin/shc/issues"
#define PACKAGE_URL ""
#define PACKAGE "shc"
#define VERSION "4.0.3"
#define STDC_HEADERS 1
#define HAVE_SYS_TYPES_H 1
#define HAVE_SYS_STAT_H 1
#define HAVE_STDLIB_H 1
#define HAVE_STRING_H 1
#define HAVE_MEMORY_H 1
#define HAVE_STRINGS_H 1
#define HAVE_INTTYPES_H 1
#define HAVE_STDINT_H 1
#define HAVE_UNISTD_H 1
#define HAVE_FCNTL_H 1
#define HAVE_STDLIB_H 1
#define HAVE_STRING_H 1
#define HAVE_UNISTD_H 1
#define HAVE_STRUCT_STAT_ST_RDEV 1
#define HAVE_STDLIB_H 1
#define HAVE_MALLOC 1
#define TIME_WITH_SYS_TIME 1
#define HAVE_SYS_TIME_H 1
#define HAVE_UNISTD_H 1
#define HAVE_ALARM 1
#define HAVE_STDLIB_H 1
#define HAVE_REALLOC 1
#define HAVE_MEMSET 1
#define HAVE_PUTENV 1
#define HAVE_STRCHR 1
#define HAVE_STRDUP 1
#define HAVE_STRRCHR 1

configure: exit 0
